Unity Editor version:    2021.3.11f1 (0a5ca18544bf)
Branch:                  2021.3/staging
Build type:              Release
Batch mode:              YES
macOS version:           Version 12.6 (Build 21G115)
Darwin version:          21.6.0
Architecture:            x86_64
Running under Rosetta:   NO
Available memory:        8192 MB
Using pre-set license
Pro License: YES

COMMAND LINE ARGUMENTS:
/Applications/Unity/Hub/Editor/2021.3.11f1/Unity.app/Contents/MacOS/Unity
-adb2
-batchMode
-noUpm
-name
AssetImportWorker0
-projectPath
/Users/Duncan/Documents/GitHub/TheFirstOne/My project
-logFile
Logs/AssetImportWorker0.log
-srvPort
50344
Successfully changed project path to: /Users/Duncan/Documents/GitHub/TheFirstOne/My project
/Users/Duncan/Documents/GitHub/TheFirstOne/My project
[UnityMemory] Configuration Parameters - Can be set up in boot.config
    "memorysetup-bucket-allocator-granularity=16"
    "memorysetup-bucket-allocator-bucket-count=8"
    "memorysetup-bucket-allocator-block-size=33554432"
    "memorysetup-bucket-allocator-block-count=8"
    "memorysetup-main-allocator-block-size=16777216"
    "memorysetup-thread-allocator-block-size=16777216"
    "memorysetup-gfx-main-allocator-block-size=16777216"
    "memorysetup-gfx-thread-allocator-block-size=16777216"
    "memorysetup-cache-allocator-block-size=4194304"
    "memorysetup-typetree-allocator-block-size=2097152"
    "memorysetup-profiler-bucket-allocator-granularity=16"
    "memorysetup-profiler-bucket-allocator-bucket-count=8"
    "memorysetup-profiler-bucket-allocator-block-size=33554432"
    "memorysetup-profiler-bucket-allocator-block-count=8"
    "memorysetup-profiler-allocator-block-size=16777216"
    "memorysetup-profiler-editor-allocator-block-size=1048576"
    "memorysetup-temp-allocator-size-main=16777216"
    "memorysetup-job-temp-allocator-block-size=2097152"
    "memorysetup-job-temp-allocator-block-size-background=1048576"
    "memorysetup-job-temp-allocator-reduction-small-platforms=262144"
    "memorysetup-temp-allocator-size-background-worker=32768"
    "memorysetup-temp-allocator-size-job-worker=262144"
    "memorysetup-temp-allocator-size-preload-manager=33554432"
    "memorysetup-temp-allocator-size-nav-mesh-worker=65536"
    "memorysetup-temp-allocator-size-audio-worker=65536"
    "memorysetup-temp-allocator-size-cloud-worker=32768"
    "memorysetup-temp-allocator-size-gi-baking-worker=262144"
    "memorysetup-temp-allocator-size-gfx=262144"
Refreshing native plugins compatible for Editor in 129.56 ms, found 2 plugins.
Preloading 0 native plugins for Editor in 0.00 ms.
Initialize engine version: 2021.3.11f1 (0a5ca18544bf)
[Subsystems] Discovering subsystems at path /Applications/Unity/Hub/Editor/2021.3.11f1/Unity.app/Contents/Resources/UnitySubsystems
[Subsystems] Discovering subsystems at path /Users/Duncan/Documents/GitHub/TheFirstOne/My project/Assets
GfxDevice: creating device client; threaded=0; jobified=0
Color LCD preferred device: Intel(R) HD Graphics 615 (low power)
Metal devices available: 1
0: Intel(R) HD Graphics 615 (low power)
Using device Intel(R) HD Graphics 615 (low power)
Initializing Metal device caps: Intel(R) HD Graphics 615
Initialize mono
Mono path[0] = '/Applications/Unity/Hub/Editor/2021.3.11f1/Unity.app/Contents/Managed'
Mono path[1] = '/Applications/Unity/Hub/Editor/2021.3.11f1/Unity.app/Contents/MonoBleedingEdge/lib/mono/unityjit-macos'
Mono config path = '/Applications/Unity/Hub/Editor/2021.3.11f1/Unity.app/Contents/MonoBleedingEdge/etc'
Using monoOptions --debugger-agent=transport=dt_socket,embedding=1,server=y,suspend=n,address=127.0.0.1:56336
Begin MonoManager ReloadAssembly
Registering precompiled unity dll's ...
Register platform support module: /Applications/Unity/Hub/Editor/2021.3.11f1/PlaybackEngines/WebGLSupport/UnityEditor.WebGL.Extensions.dll
Register platform support module: /Applications/Unity/Hub/Editor/2021.3.11f1/Unity.app/Contents/PlaybackEngines/MacStandaloneSupport/UnityEditor.OSXStandalone.Extensions.dll
Register platform support module: /Applications/Unity/Hub/Editor/2021.3.11f1/PlaybackEngines/AndroidPlayer/UnityEditor.Android.Extensions.dll
Register platform support module: /Applications/Unity/Hub/Editor/2021.3.11f1/PlaybackEngines/iOSSupport/UnityEditor.iOS.Extensions.dll
Registered in 0.009354 seconds.
[usbmuxd] Start listen thread
[usbmuxd] Listen thread started
[usbmuxd] Send listen message
Native extension for iOS target not found
Native extension for Android target not found
Native extension for OSXStandalone target not found
Native extension for WebGL target not found
Refreshing native plugins compatible for Editor in 120.05 ms, found 2 plugins.
Preloading 0 native plugins for Editor in 0.00 ms.
Mono: successfully reloaded assembly
- Completed reload, in  1.135 seconds
Domain Reload Profiling:
	ReloadAssembly (1135ms)
		BeginReloadAssembly (187ms)
			ExecutionOrderSort (0ms)
			DisableScriptedObjects (0ms)
			BackupInstance (0ms)
			ReleaseScriptingObjects (0ms)
			CreateAndSetChildDomain (2ms)
		EndReloadAssembly (768ms)
			LoadAssemblies (192ms)
			RebuildTransferFunctionScriptingTraits (0ms)
			SetupTypeCache (190ms)
			ReleaseScriptCaches (0ms)
			RebuildScriptCaches (46ms)
			SetupLoadedEditorAssemblies (457ms)
				LogAssemblyErrors (0ms)
				InitializePlatformSupportModulesInManaged (130ms)
				SetLoadedEditorAssemblies (1ms)
				RefreshPlugins (120ms)
				BeforeProcessingInitializeOnLoad (2ms)
				ProcessInitializeOnLoadAttributes (138ms)
				ProcessInitializeOnLoadMethodAttributes (66ms)
				AfterProcessingInitializeOnLoad (0ms)
				EditorAssembliesLoaded (0ms)
			ExecutionOrderSort2 (0ms)
			AwakeInstancesAfterBackupRestoration (0ms)
Platform modules already initialized, skipping
Registering precompiled user dll's ...
Registered in 0.002671 seconds.
Begin MonoManager ReloadAssembly
Symbol file LoadedFromMemory doesn't match image /Users/Duncan/Documents/GitHub/TheFirstOne/My project/Library/PackageCache/com.unity.visualscripting@1.7.8/Editor/VisualScripting.Core/Dependencies/YamlDotNet/Unity.VisualScripting.YamlDotNet.dll
Symbol file LoadedFromMemory doesn't match image /Users/Duncan/Documents/GitHub/TheFirstOne/My project/Library/PackageCache/com.unity.visualscripting@1.7.8/Editor/VisualScripting.Core/Dependencies/DotNetZip/Unity.VisualScripting.IonicZip.dll
Native extension for iOS target not found
Native extension for Android target not found
Native extension for OSXStandalone target not found
Native extension for WebGL target not found
Refreshing native plugins compatible for Editor in 0.65 ms, found 2 plugins.
Preloading 0 native plugins for Editor in 0.00 ms.
Mono: successfully reloaded assembly
- Completed reload, in  1.863 seconds
Domain Reload Profiling:
	ReloadAssembly (1864ms)
		BeginReloadAssembly (329ms)
			ExecutionOrderSort (0ms)
			DisableScriptedObjects (10ms)
			BackupInstance (0ms)
			ReleaseScriptingObjects (0ms)
			CreateAndSetChildDomain (159ms)
		EndReloadAssembly (1344ms)
			LoadAssemblies (209ms)
			RebuildTransferFunctionScriptingTraits (0ms)
			SetupTypeCache (451ms)
			ReleaseScriptCaches (7ms)
			RebuildScriptCaches (92ms)
			SetupLoadedEditorAssemblies (543ms)
				LogAssemblyErrors (0ms)
				InitializePlatformSupportModulesInManaged (35ms)
				SetLoadedEditorAssemblies (1ms)
				RefreshPlugins (1ms)
				BeforeProcessingInitializeOnLoad (104ms)
				ProcessInitializeOnLoadAttributes (352ms)
				ProcessInitializeOnLoadMethodAttributes (48ms)
				AfterProcessingInitializeOnLoad (2ms)
				EditorAssembliesLoaded (0ms)
			ExecutionOrderSort2 (0ms)
			AwakeInstancesAfterBackupRestoration (6ms)
Platform modules already initialized, skipping
========================================================================
Worker process is ready to serve import requests
Launching external process: /Applications/Unity/Hub/Editor/2021.3.11f1/Unity.app/Contents/Tools/UnityShaderCompiler
Launched and connected shader compiler UnityShaderCompiler after 0.09 seconds
Refreshing native plugins compatible for Editor in 1.23 ms, found 2 plugins.
Preloading 0 native plugins for Editor in 0.00 ms.
Unloading 3389 Unused Serialized files (Serialized files now loaded: 0)
Unloading 27 unused Assets / (96.9 KB). Loaded Objects now: 3850.
Memory consumption went from 230.8 MB to 230.7 MB.
Total: 4.887814 ms (FindLiveObjects: 0.345895 ms CreateObjectMapping: 0.321279 ms MarkObjects: 4.025770 ms  DeleteObjects: 0.193335 ms)

AssetImportParameters requested are different than current active one (requested -> active):
  custom:video-decoder-ogg-theora: a1e56fd34408186e4bbccfd4996cb3dc -> 
  custom:container-muxer-webm: aa71ff27fc2769a1b78a27578f13a17b -> 
  custom:container-demuxer-webm: 4f35f7cbe854078d1ac9338744f61a02 -> 
  custom:video-encoder-webm-vp8: eb34c28f22e8b96e1ab97ce403110664 -> 
  custom:framework-osx-AVFoundation: e770b220cccbd017edd2c1fefb359320 -> 
  custom:audio-encoder-webm-vorbis: bf7c407c2cedff20999df2af8eb42d56 -> 
  custom:container-demuxer-ogg: 62fdf1f143b41e24485cea50d1cbac27 -> 
  custom:video-decoder-webm-vp8: 9c59270c3fd7afecdb556c50c9e8de78 -> 
  custom:audio-decoder-ogg-vorbis: bf7c407c2cedff20999df2af8eb42d56 -> 
========================================================================
Received Import Request.
  Time since last request: 25736.069206 seconds.
  path: Assets/Prefabs/Fella.prefab
  artifactKey: Guid(531e050e2d23641e1a0580028b721da7) Importer(815301076,1909f56bfc062723c751e8b465ee728b)
Start importing Assets/Prefabs/Fella.prefab using Guid(531e050e2d23641e1a0580028b721da7) Importer(815301076,1909f56bfc062723c751e8b465ee728b)  -> (artifact id: 'c543af0ee585001a6ed0cf1b0a4101cf') in 2.569089 seconds 
========================================================================
Received Import Request.
  Time since last request: 23.731347 seconds.
  path: Assets/Prefabs/Fella.prefab
  artifactKey: Guid(531e050e2d23641e1a0580028b721da7) Importer(815301076,1909f56bfc062723c751e8b465ee728b)
Start importing Assets/Prefabs/Fella.prefab using Guid(531e050e2d23641e1a0580028b721da7) Importer(815301076,1909f56bfc062723c751e8b465ee728b)  -> (artifact id: '6335c607245f17641e157c9b3ef751d1') in 0.019999 seconds 
========================================================================
Received Import Request.
  Time since last request: 4.820574 seconds.
  path: Assets/Prefabs/Fella.prefab
  artifactKey: Guid(531e050e2d23641e1a0580028b721da7) Importer(815301076,1909f56bfc062723c751e8b465ee728b)
Start importing Assets/Prefabs/Fella.prefab using Guid(531e050e2d23641e1a0580028b721da7) Importer(815301076,1909f56bfc062723c751e8b465ee728b)  -> (artifact id: 'a3f20de7612e10ee655458ea8f07efc6') in 0.014647 seconds 
========================================================================
Received Import Request.
  Time since last request: 12.610696 seconds.
  path: Assets/Prefabs/Fella.prefab
  artifactKey: Guid(531e050e2d23641e1a0580028b721da7) Importer(815301076,1909f56bfc062723c751e8b465ee728b)
Start importing Assets/Prefabs/Fella.prefab using Guid(531e050e2d23641e1a0580028b721da7) Importer(815301076,1909f56bfc062723c751e8b465ee728b)  -> (artifact id: '362cdec80358fc2c3c80d46dd7d8a907') in 0.015926 seconds 
========================================================================
Received Import Request.
  Time since last request: 2.757713 seconds.
  path: Assets/Prefabs/Fella.prefab
  artifactKey: Guid(531e050e2d23641e1a0580028b721da7) Importer(815301076,1909f56bfc062723c751e8b465ee728b)
Start importing Assets/Prefabs/Fella.prefab using Guid(531e050e2d23641e1a0580028b721da7) Importer(815301076,1909f56bfc062723c751e8b465ee728b)  -> (artifact id: 'b85c193ce97e6e3be732f4cfd8317e13') in 0.016508 seconds 
========================================================================
Received Import Request.
  Time since last request: 3.239230 seconds.
  path: Assets/Prefabs/Fella.prefab
  artifactKey: Guid(531e050e2d23641e1a0580028b721da7) Importer(815301076,1909f56bfc062723c751e8b465ee728b)
Start importing Assets/Prefabs/Fella.prefab using Guid(531e050e2d23641e1a0580028b721da7) Importer(815301076,1909f56bfc062723c751e8b465ee728b)  -> (artifact id: '5edd6ab5aa65cc4508a7a7bd45f73868') in 0.018916 seconds 
========================================================================
Received Import Request.
  Time since last request: 13.539433 seconds.
  path: Assets/Prefabs/Fella.prefab
  artifactKey: Guid(531e050e2d23641e1a0580028b721da7) Importer(815301076,1909f56bfc062723c751e8b465ee728b)
Start importing Assets/Prefabs/Fella.prefab using Guid(531e050e2d23641e1a0580028b721da7) Importer(815301076,1909f56bfc062723c751e8b465ee728b)  -> (artifact id: '235199af8a7b530b67cd9bc37609c9bc') in 0.014785 seconds 
========================================================================
Received Import Request.
  Time since last request: 3.014224 seconds.
  path: Assets/Prefabs/Fella.prefab
  artifactKey: Guid(531e050e2d23641e1a0580028b721da7) Importer(815301076,1909f56bfc062723c751e8b465ee728b)
Start importing Assets/Prefabs/Fella.prefab using Guid(531e050e2d23641e1a0580028b721da7) Importer(815301076,1909f56bfc062723c751e8b465ee728b)  -> (artifact id: '195d0ac5df0403cbd31b5d1728a76ac3') in 0.016938 seconds 
========================================================================
Received Import Request.
  Time since last request: 14.126891 seconds.
  path: Assets/Prefabs/Fella.prefab
  artifactKey: Guid(531e050e2d23641e1a0580028b721da7) Importer(815301076,1909f56bfc062723c751e8b465ee728b)
Start importing Assets/Prefabs/Fella.prefab using Guid(531e050e2d23641e1a0580028b721da7) Importer(815301076,1909f56bfc062723c751e8b465ee728b)  -> (artifact id: 'cf7248909e207ed73a5e2c11a113f960') in 0.017236 seconds 
========================================================================
Received Import Request.
  Time since last request: 14.395516 seconds.
  path: Assets/Prefabs/Fella.prefab
  artifactKey: Guid(531e050e2d23641e1a0580028b721da7) Importer(815301076,1909f56bfc062723c751e8b465ee728b)
Start importing Assets/Prefabs/Fella.prefab using Guid(531e050e2d23641e1a0580028b721da7) Importer(815301076,1909f56bfc062723c751e8b465ee728b)  -> (artifact id: '2ce45049f3f0be2eab1e7244144209bc') in 0.018461 seconds 
========================================================================
Received Import Request.
  Time since last request: 14.229126 seconds.
  path: Assets/Prefabs/Fella.prefab
  artifactKey: Guid(531e050e2d23641e1a0580028b721da7) Importer(815301076,1909f56bfc062723c751e8b465ee728b)
Start importing Assets/Prefabs/Fella.prefab using Guid(531e050e2d23641e1a0580028b721da7) Importer(815301076,1909f56bfc062723c751e8b465ee728b)  -> (artifact id: '7c6907984381e33296a3c5ba3f5920d9') in 0.016124 seconds 
========================================================================
Received Import Request.
  Time since last request: 1691.029771 seconds.
  path: Assets/Scenes/GunFella.unity
  artifactKey: Guid(87535a91a40ac46ea818595e340e950c) Importer(815301076,1909f56bfc062723c751e8b465ee728b)
Start importing Assets/Scenes/GunFella.unity using Guid(87535a91a40ac46ea818595e340e950c) Importer(815301076,1909f56bfc062723c751e8b465ee728b)  -> (artifact id: '2def144d358d3955b6397bc9096121b6') in 0.005090 seconds 
========================================================================
Received Import Request.
  Time since last request: 23.260974 seconds.
  path: Assets/Scenes/GunFella (1).unity
  artifactKey: Guid(87535a91a40ac46ea818595e340e950c) Importer(815301076,1909f56bfc062723c751e8b465ee728b)
Start importing Assets/Scenes/GunFella (1).unity using Guid(87535a91a40ac46ea818595e340e950c) Importer(815301076,1909f56bfc062723c751e8b465ee728b)  -> (artifact id: '99ba5ba5b6d4d2ccab5bcd658ad3c05c') in 0.002274 seconds 
========================================================================
Received Prepare
Registering precompiled user dll's ...
Registered in 0.005013 seconds.
Begin MonoManager ReloadAssembly
Symbol file LoadedFromMemory doesn't match image /Users/Duncan/Documents/GitHub/TheFirstOne/My project/Library/PackageCache/com.unity.visualscripting@1.7.8/Editor/VisualScripting.Core/Dependencies/YamlDotNet/Unity.VisualScripting.YamlDotNet.dll
Symbol file LoadedFromMemory doesn't match image /Users/Duncan/Documents/GitHub/TheFirstOne/My project/Library/PackageCache/com.unity.visualscripting@1.7.8/Editor/VisualScripting.Core/Dependencies/DotNetZip/Unity.VisualScripting.IonicZip.dll
Native extension for iOS target not found
Native extension for Android target not found
Native extension for OSXStandalone target not found
Native extension for WebGL target not found
Refreshing native plugins compatible for Editor in 3.07 ms, found 2 plugins.
Preloading 0 native plugins for Editor in 0.00 ms.
Mono: successfully reloaded assembly
- Completed reload, in  5.070 seconds
Domain Reload Profiling:
	ReloadAssembly (5074ms)
		BeginReloadAssembly (611ms)
			ExecutionOrderSort (0ms)
			DisableScriptedObjects (27ms)
			BackupInstance (0ms)
			ReleaseScriptingObjects (0ms)
			CreateAndSetChildDomain (281ms)
		EndReloadAssembly (3991ms)
			LoadAssemblies (305ms)
			RebuildTransferFunctionScriptingTraits (0ms)
			SetupTypeCache (1476ms)
			ReleaseScriptCaches (5ms)
			RebuildScriptCaches (253ms)
			SetupLoadedEditorAssemblies (1683ms)
				LogAssemblyErrors (0ms)
				InitializePlatformSupportModulesInManaged (155ms)
				SetLoadedEditorAssemblies (2ms)
				RefreshPlugins (3ms)
				BeforeProcessingInitializeOnLoad (230ms)
				ProcessInitializeOnLoadAttributes (1138ms)
				ProcessInitializeOnLoadMethodAttributes (150ms)
				AfterProcessingInitializeOnLoad (5ms)
				EditorAssembliesLoaded (0ms)
			ExecutionOrderSort2 (0ms)
			AwakeInstancesAfterBackupRestoration (21ms)
Platform modules already initialized, skipping
Refreshing native plugins compatible for Editor in 8.09 ms, found 2 plugins.
Preloading 0 native plugins for Editor in 0.00 ms.
Unloading 3384 Unused Serialized files (Serialized files now loaded: 0)
Unloading 20 unused Assets / (72.6 KB). Loaded Objects now: 3864.
Memory consumption went from 245.2 MB to 245.2 MB.
Total: 16.534904 ms (FindLiveObjects: 1.009263 ms CreateObjectMapping: 1.375902 ms MarkObjects: 13.877321 ms  DeleteObjects: 0.270592 ms)

AssetImportParameters requested are different than current active one (requested -> active):
  custom:video-decoder-ogg-theora: a1e56fd34408186e4bbccfd4996cb3dc -> 
  custom:container-muxer-webm: aa71ff27fc2769a1b78a27578f13a17b -> 
  custom:container-demuxer-webm: 4f35f7cbe854078d1ac9338744f61a02 -> 
  custom:video-encoder-webm-vp8: eb34c28f22e8b96e1ab97ce403110664 -> 
  custom:framework-osx-AVFoundation: e770b220cccbd017edd2c1fefb359320 -> 
  custom:audio-encoder-webm-vorbis: bf7c407c2cedff20999df2af8eb42d56 -> 
  custom:container-demuxer-ogg: 62fdf1f143b41e24485cea50d1cbac27 -> 
  custom:video-decoder-webm-vp8: 9c59270c3fd7afecdb556c50c9e8de78 -> 
  custom:audio-decoder-ogg-vorbis: bf7c407c2cedff20999df2af8eb42d56 -> 
========================================================================
Received Import Request.
  Time since last request: 119.175670 seconds.
  path: Assets/Materials/Green.mat
  artifactKey: Guid(a6a5a540ee4b54ffb92ff49a0ca91db7) Importer(815301076,1909f56bfc062723c751e8b465ee728b)
Start importing Assets/Materials/Green.mat using Guid(a6a5a540ee4b54ffb92ff49a0ca91db7) Importer(815301076,1909f56bfc062723c751e8b465ee728b)  -> (artifact id: 'd9516ba3b64cb7924ddd1faac875f9ea') in 0.268950 seconds 
========================================================================
Received Import Request.
  Time since last request: 2.999964 seconds.
  path: Assets/Prefabs/Shape Stand.prefab
  artifactKey: Guid(1eeb2befedbae43eab3fa9350d21232d) Importer(815301076,1909f56bfc062723c751e8b465ee728b)
Start importing Assets/Prefabs/Shape Stand.prefab using Guid(1eeb2befedbae43eab3fa9350d21232d) Importer(815301076,1909f56bfc062723c751e8b465ee728b)  -> (artifact id: '143f23a1c54024312d5b70181dfa293c') in 0.047886 seconds 
========================================================================
Received Import Request.
  Time since last request: 65.845254 seconds.
  path: Assets/Scripts/GunFella_Level_Switch.cs
  artifactKey: Guid(371bdc090024b4102a6f56dbb2f4f821) Importer(815301076,1909f56bfc062723c751e8b465ee728b)
Start importing Assets/Scripts/GunFella_Level_Switch.cs using Guid(371bdc090024b4102a6f56dbb2f4f821) Importer(815301076,1909f56bfc062723c751e8b465ee728b)  -> (artifact id: '236e0de72087f1f2081313cc199b570d') in 2.638579 seconds 
========================================================================
Received Prepare
Registering precompiled user dll's ...
Registered in 0.005592 seconds.
Begin MonoManager ReloadAssembly
Symbol file LoadedFromMemory doesn't match image /Users/Duncan/Documents/GitHub/TheFirstOne/My project/Library/PackageCache/com.unity.visualscripting@1.7.8/Editor/VisualScripting.Core/Dependencies/YamlDotNet/Unity.VisualScripting.YamlDotNet.dll
Symbol file LoadedFromMemory doesn't match image /Users/Duncan/Documents/GitHub/TheFirstOne/My project/Library/PackageCache/com.unity.visualscripting@1.7.8/Editor/VisualScripting.Core/Dependencies/DotNetZip/Unity.VisualScripting.IonicZip.dll
Native extension for iOS target not found
Native extension for Android target not found
Native extension for OSXStandalone target not found
Native extension for WebGL target not found
Refreshing native plugins compatible for Editor in 0.75 ms, found 2 plugins.
Preloading 0 native plugins for Editor in 0.00 ms.
Mono: successfully reloaded assembly
- Completed reload, in  1.572 seconds
Domain Reload Profiling:
	ReloadAssembly (1573ms)
		BeginReloadAssembly (188ms)
			ExecutionOrderSort (0ms)
			DisableScriptedObjects (7ms)
			BackupInstance (0ms)
			ReleaseScriptingObjects (0ms)
			CreateAndSetChildDomain (76ms)
		EndReloadAssembly (1171ms)
			LoadAssemblies (116ms)
			RebuildTransferFunctionScriptingTraits (0ms)
			SetupTypeCache (470ms)
			ReleaseScriptCaches (1ms)
			RebuildScriptCaches (62ms)
			SetupLoadedEditorAssemblies (462ms)
				LogAssemblyErrors (0ms)
				InitializePlatformSupportModulesInManaged (41ms)
				SetLoadedEditorAssemblies (1ms)
				RefreshPlugins (1ms)
				BeforeProcessingInitializeOnLoad (76ms)
				ProcessInitializeOnLoadAttributes (303ms)
				ProcessInitializeOnLoadMethodAttributes (39ms)
				AfterProcessingInitializeOnLoad (1ms)
				EditorAssembliesLoaded (0ms)
			ExecutionOrderSort2 (0ms)
			AwakeInstancesAfterBackupRestoration (5ms)
Platform modules already initialized, skipping
Refreshing native plugins compatible for Editor in 1.46 ms, found 2 plugins.
Preloading 0 native plugins for Editor in 0.00 ms.
Unloading 3385 Unused Serialized files (Serialized files now loaded: 0)
Unloading 20 unused Assets / (72.6 KB). Loaded Objects now: 3902.
Memory consumption went from 253.3 MB to 253.3 MB.
Total: 4.130121 ms (FindLiveObjects: 0.311793 ms CreateObjectMapping: 0.246790 ms MarkObjects: 3.457305 ms  DeleteObjects: 0.112915 ms)

AssetImportParameters requested are different than current active one (requested -> active):
  custom:video-decoder-ogg-theora: a1e56fd34408186e4bbccfd4996cb3dc -> 
  custom:container-muxer-webm: aa71ff27fc2769a1b78a27578f13a17b -> 
  custom:container-demuxer-webm: 4f35f7cbe854078d1ac9338744f61a02 -> 
  custom:video-encoder-webm-vp8: eb34c28f22e8b96e1ab97ce403110664 -> 
  custom:framework-osx-AVFoundation: e770b220cccbd017edd2c1fefb359320 -> 
  custom:audio-encoder-webm-vorbis: bf7c407c2cedff20999df2af8eb42d56 -> 
  custom:container-demuxer-ogg: 62fdf1f143b41e24485cea50d1cbac27 -> 
  custom:video-decoder-webm-vp8: 9c59270c3fd7afecdb556c50c9e8de78 -> 
  custom:audio-decoder-ogg-vorbis: bf7c407c2cedff20999df2af8eb42d56 -> 
